<?xml version="1.0" encoding="UTF-8"?>
<testsuites>
	<testsuite tests="4" errors="0" failures="1" time="0.008" timestamp="2015-11-29T12:56:19">
		<testcase classname="WeatherChart" name="returns a list of farenheits" time="0.002">
		</testcase>
		<testcase classname="WeatherChart" name="returns a list of hours" time="0">
		</testcase>
		<testcase classname="WeatherChart" name="generates the right dataset for chart.js" time="0.001">
		</testcase>
		<testcase classname="WeatherChart" name="Ajax Requests Works" time="0.002">
			<failure type="toHaveBeenCalledWith" message="Expected spy ajax to have been called with [ { url : &amp;apos;http://example.com&amp;apos;, dataType : &amp;apos;jsonp&amp;apos;, success : spy on onSuccess } ] but it was never called.">
	at stack (file:///Users/garrowood/.rvm/gems/ruby-2.2.1/gems/learn-test-1.2.23/lib/learn_test/jasmine/jasmine.js:1293:37)
	at buildExpectationResult (file:///Users/garrowood/.rvm/gems/ruby-2.2.1/gems/learn-test-1.2.23/lib/learn_test/jasmine/jasmine.js:1270:19)
	at expectationResultFactory (file:///Users/garrowood/.rvm/gems/ruby-2.2.1/gems/learn-test-1.2.23/lib/learn_test/jasmine/jasmine.js:484:40)
	at addExpectationResult (file:///Users/garrowood/.rvm/gems/ruby-2.2.1/gems/learn-test-1.2.23/lib/learn_test/jasmine/jasmine.js:260:70)
	at addExpectationResult (file:///Users/garrowood/.rvm/gems/ruby-2.2.1/gems/learn-test-1.2.23/lib/learn_test/jasmine/jasmine.js:442:41)
	at file:///Users/garrowood/.rvm/gems/ruby-2.2.1/gems/learn-test-1.2.23/lib/learn_test/jasmine/jasmine.js:1209:32
	at file:///Users/garrowood/My-Projects/Learn-JS-labs/js-weather-api-ajax-001/spec/weatherChartSpec.js:46:42
	at attemptSync (file:///Users/garrowood/.rvm/gems/ruby-2.2.1/gems/learn-test-1.2.23/lib/learn_test/jasmine/jasmine.js:1510:16)
	at run (file:///Users/garrowood/.rvm/gems/ruby-2.2.1/gems/learn-test-1.2.23/lib/learn_test/jasmine/jasmine.js:1498:20)
	at execute (file:///Users/garrowood/.rvm/gems/ruby-2.2.1/gems/learn-test-1.2.23/lib/learn_test/jasmine/jasmine.js:1485:13)
	at queueRunnerFactory (file:///Users/garrowood/.rvm/gems/ruby-2.2.1/gems/learn-test-1.2.23/lib/learn_test/jasmine/jasmine.js:518:42)
	at execute (file:///Users/garrowood/.rvm/gems/ruby-2.2.1/gems/learn-test-1.2.23/lib/learn_test/jasmine/jasmine.js:306:28)
	at file:///Users/garrowood/.rvm/gems/ruby-2.2.1/gems/learn-test-1.2.23/lib/learn_test/jasmine/jasmine.js:1708:44
	at attemptAsync (file:///Users/garrowood/.rvm/gems/ruby-2.2.1/gems/learn-test-1.2.23/lib/learn_test/jasmine/jasmine.js:1520:16)
	at run (file:///Users/garrowood/.rvm/gems/ruby-2.2.1/gems/learn-test-1.2.23/lib/learn_test/jasmine/jasmine.js:1496:28)
	at execute (file:///Users/garrowood/.rvm/gems/ruby-2.2.1/gems/learn-test-1.2.23/lib/learn_test/jasmine/jasmine.js:1485:13)
	at queueRunnerFactory (file:///Users/garrowood/.rvm/gems/ruby-2.2.1/gems/learn-test-1.2.23/lib/learn_test/jasmine/jasmine.js:518:42)
	at execute (file:///Users/garrowood/.rvm/gems/ruby-2.2.1/gems/learn-test-1.2.23/lib/learn_test/jasmine/jasmine.js:1694:21)
	at file:///Users/garrowood/.rvm/gems/ruby-2.2.1/gems/learn-test-1.2.23/lib/learn_test/jasmine/jasmine.js:1708:44
	at attemptAsync (file:///Users/garrowood/.rvm/gems/ruby-2.2.1/gems/learn-test-1.2.23/lib/learn_test/jasmine/jasmine.js:1520:16)
	at run (file:///Users/garrowood/.rvm/gems/ruby-2.2.1/gems/learn-test-1.2.23/lib/learn_test/jasmine/jasmine.js:1496:28)
	at next (file:///Users/garrowood/.rvm/gems/ruby-2.2.1/gems/learn-test-1.2.23/lib/learn_test/jasmine/jasmine.js:1517:40)
	at complete (file:///Users/garrowood/.rvm/gems/ruby-2.2.1/gems/learn-test-1.2.23/lib/learn_test/jasmine/jasmine.js:333:19)
	at clearStack (file:///Users/garrowood/.rvm/gems/ruby-2.2.1/gems/learn-test-1.2.23/lib/learn_test/jasmine/jasmine.js:506:11)
	at run (file:///Users/garrowood/.rvm/gems/ruby-2.2.1/gems/learn-test-1.2.23/lib/learn_test/jasmine/jasmine.js:1505:22)
	at execute (file:///Users/garrowood/.rvm/gems/ruby-2.2.1/gems/learn-test-1.2.23/lib/learn_test/jasmine/jasmine.js:1485:13)
	at queueRunnerFactory (file:///Users/garrowood/.rvm/gems/ruby-2.2.1/gems/learn-test-1.2.23/lib/learn_test/jasmine/jasmine.js:518:42)
	at execute (file:///Users/garrowood/.rvm/gems/ruby-2.2.1/gems/learn-test-1.2.23/lib/learn_test/jasmine/jasmine.js:306:28)
	at file:///Users/garrowood/.rvm/gems/ruby-2.2.1/gems/learn-test-1.2.23/lib/learn_test/jasmine/jasmine.js:1708:44
	at attemptAsync (file:///Users/garrowood/.rvm/gems/ruby-2.2.1/gems/learn-test-1.2.23/lib/learn_test/jasmine/jasmine.js:1520:16)
	at run (file:///Users/garrowood/.rvm/gems/ruby-2.2.1/gems/learn-test-1.2.23/lib/learn_test/jasmine/jasmine.js:1496:28)
	at next (file:///Users/garrowood/.rvm/gems/ruby-2.2.1/gems/learn-test-1.2.23/lib/learn_test/jasmine/jasmine.js:1517:40)
	at complete (file:///Users/garrowood/.rvm/gems/ruby-2.2.1/gems/learn-test-1.2.23/lib/learn_test/jasmine/jasmine.js:333:19)
	at clearStack (file:///Users/garrowood/.rvm/gems/ruby-2.2.1/gems/learn-test-1.2.23/lib/learn_test/jasmine/jasmine.js:506:11)
	at run (file:///Users/garrowood/.rvm/gems/ruby-2.2.1/gems/learn-test-1.2.23/lib/learn_test/jasmine/jasmine.js:1505:22)
	at execute (file:///Users/garrowood/.rvm/gems/ruby-2.2.1/gems/learn-test-1.2.23/lib/learn_test/jasmine/jasmine.js:1485:13)
	at queueRunnerFactory (file:///Users/garrowood/.rvm/gems/ruby-2.2.1/gems/learn-test-1.2.23/lib/learn_test/jasmine/jasmine.js:518:42)
	at execute (file:///Users/garrowood/.rvm/gems/ruby-2.2.1/gems/learn-test-1.2.23/lib/learn_test/jasmine/jasmine.js:306:28)
	at file:///Users/garrowood/.rvm/gems/ruby-2.2.1/gems/learn-test-1.2.23/lib/learn_test/jasmine/jasmine.js:1708:44
	at attemptAsync (file:///Users/garrowood/.rvm/gems/ruby-2.2.1/gems/learn-test-1.2.23/lib/learn_test/jasmine/jasmine.js:1520:16)
	at run (file:///Users/garrowood/.rvm/gems/ruby-2.2.1/gems/learn-test-1.2.23/lib/learn_test/jasmine/jasmine.js:1496:28)
	at next (file:///Users/garrowood/.rvm/gems/ruby-2.2.1/gems/learn-test-1.2.23/lib/learn_test/jasmine/jasmine.js:1517:40)
	at complete (file:///Users/garrowood/.rvm/gems/ruby-2.2.1/gems/learn-test-1.2.23/lib/learn_test/jasmine/jasmine.js:333:19)
	at clearStack (file:///Users/garrowood/.rvm/gems/ruby-2.2.1/gems/learn-test-1.2.23/lib/learn_test/jasmine/jasmine.js:506:11)
	at run (file:///Users/garrowood/.rvm/gems/ruby-2.2.1/gems/learn-test-1.2.23/lib/learn_test/jasmine/jasmine.js:1505:22)
	at execute (file:///Users/garrowood/.rvm/gems/ruby-2.2.1/gems/learn-test-1.2.23/lib/learn_test/jasmine/jasmine.js:1485:13)
	at queueRunnerFactory (file:///Users/garrowood/.rvm/gems/ruby-2.2.1/gems/learn-test-1.2.23/lib/learn_test/jasmine/jasmine.js:518:42)
	at execute (file:///Users/garrowood/.rvm/gems/ruby-2.2.1/gems/learn-test-1.2.23/lib/learn_test/jasmine/jasmine.js:306:28)
	at file:///Users/garrowood/.rvm/gems/ruby-2.2.1/gems/learn-test-1.2.23/lib/learn_test/jasmine/jasmine.js:1708:44
	at attemptAsync (file:///Users/garrowood/.rvm/gems/ruby-2.2.1/gems/learn-test-1.2.23/lib/learn_test/jasmine/jasmine.js:1520:16)
	at run (file:///Users/garrowood/.rvm/gems/ruby-2.2.1/gems/learn-test-1.2.23/lib/learn_test/jasmine/jasmine.js:1496:28)
	at execute (file:///Users/garrowood/.rvm/gems/ruby-2.2.1/gems/learn-test-1.2.23/lib/learn_test/jasmine/jasmine.js:1485:13)
	at queueRunnerFactory (file:///Users/garrowood/.rvm/gems/ruby-2.2.1/gems/learn-test-1.2.23/lib/learn_test/jasmine/jasmine.js:518:42)
	at execute (file:///Users/garrowood/.rvm/gems/ruby-2.2.1/gems/learn-test-1.2.23/lib/learn_test/jasmine/jasmine.js:1694:21)
	at file:///Users/garrowood/.rvm/gems/ruby-2.2.1/gems/learn-test-1.2.23/lib/learn_test/jasmine/jasmine.js:1708:44
	at attemptAsync (file:///Users/garrowood/.rvm/gems/ruby-2.2.1/gems/learn-test-1.2.23/lib/learn_test/jasmine/jasmine.js:1520:16)
	at run (file:///Users/garrowood/.rvm/gems/ruby-2.2.1/gems/learn-test-1.2.23/lib/learn_test/jasmine/jasmine.js:1496:28)
	at execute (file:///Users/garrowood/.rvm/gems/ruby-2.2.1/gems/learn-test-1.2.23/lib/learn_test/jasmine/jasmine.js:1485:13)
	at queueRunnerFactory (file:///Users/garrowood/.rvm/gems/ruby-2.2.1/gems/learn-test-1.2.23/lib/learn_test/jasmine/jasmine.js:518:42)
	at execute (file:///Users/garrowood/.rvm/gems/ruby-2.2.1/gems/learn-test-1.2.23/lib/learn_test/jasmine/jasmine.js:1694:21)
	at file:///Users/garrowood/.rvm/gems/ruby-2.2.1/gems/learn-test-1.2.23/lib/learn_test/jasmine/jasmine.js:541:83
	at attemptAsync (file:///Users/garrowood/.rvm/gems/ruby-2.2.1/gems/learn-test-1.2.23/lib/learn_test/jasmine/jasmine.js:1520:16)
	at run (file:///Users/garrowood/.rvm/gems/ruby-2.2.1/gems/learn-test-1.2.23/lib/learn_test/jasmine/jasmine.js:1496:28)
	at execute (file:///Users/garrowood/.rvm/gems/ruby-2.2.1/gems/learn-test-1.2.23/lib/learn_test/jasmine/jasmine.js:1485:13)
	at queueRunnerFactory (file:///Users/garrowood/.rvm/gems/ruby-2.2.1/gems/learn-test-1.2.23/lib/learn_test/jasmine/jasmine.js:518:42)
	at execute (file:///Users/garrowood/.rvm/gems/ruby-2.2.1/gems/learn-test-1.2.23/lib/learn_test/jasmine/jasmine.js:548:25)
	at onload (file:///Users/garrowood/.rvm/gems/ruby-2.2.1/gems/learn-test-1.2.23/lib/learn_test/jasmine/boot.js:172:16)			</failure>
		</testcase>
	</testsuite>
</testsuites>

